\BOOKMARK [1][-]{section.1}{Introduction}{}% 1
\BOOKMARK [2][-]{subsection.1.1}{Project Description}{section.1}% 2
\BOOKMARK [1][-]{section.2}{Requirements}{}% 3
\BOOKMARK [1][-]{section.3}{Design Document}{}% 4
\BOOKMARK [2][-]{subsection.3.1}{High Level Architecture}{section.3}% 5
\BOOKMARK [2][-]{subsection.3.2}{Behavioural and Functional Design}{section.3}% 6
\BOOKMARK [3][-]{subsubsection.3.2.1}{Sign-up Process}{subsection.3.2}% 7
\BOOKMARK [3][-]{subsubsection.3.2.2}{Sign-in Process}{subsection.3.2}% 8
\BOOKMARK [3][-]{subsubsection.3.2.3}{Food Search Process}{subsection.3.2}% 9
\BOOKMARK [3][-]{subsubsection.3.2.4}{Activity Search and Tracking Process}{subsection.3.2}% 10
\BOOKMARK [3][-]{subsubsection.3.2.5}{Food Tracking Process}{subsection.3.2}% 11
\BOOKMARK [2][-]{subsection.3.3}{High-Level View and User Interface Design}{section.3}% 12
\BOOKMARK [3][-]{subsubsection.3.3.1}{Initial Design}{subsection.3.3}% 13
\BOOKMARK [3][-]{subsubsection.3.3.2}{Main View}{subsection.3.3}% 14
\BOOKMARK [3][-]{subsubsection.3.3.3}{Screen 2}{subsection.3.3}% 15
\BOOKMARK [3][-]{subsubsection.3.3.4}{Screen 3}{subsection.3.3}% 16
\BOOKMARK [3][-]{subsubsection.3.3.5}{Screen 4}{subsection.3.3}% 17
\BOOKMARK [1][-]{section.4}{Plan}{}% 18
\BOOKMARK [2][-]{subsection.4.1}{Project Development Plan}{section.4}% 19
\BOOKMARK [1][-]{section.5}{Deployment}{}% 20
\BOOKMARK [2][-]{subsection.5.1}{Description}{section.5}% 21
\BOOKMARK [2][-]{subsection.5.2}{Deployment}{section.5}% 22
\BOOKMARK [3][-]{subsubsection.5.2.1}{Production}{subsection.5.2}% 23
\BOOKMARK [3][-]{subsubsection.5.2.2}{Admin Account}{subsection.5.2}% 24
\BOOKMARK [3][-]{subsubsection.5.2.3}{Creating Database}{subsection.5.2}% 25
\BOOKMARK [3][-]{subsubsection.5.2.4}{Production}{subsection.5.2}% 26
